<?xml version="1.0" encoding="UTF-8"?>
<testsuite name="io.hailiang.web.book.BookApplicationTests" time="0.014" tests="1" errors="1" skipped="0" failures="0">
  <properties>
[...]
</properties>
  <testcase name="initializationError" classname="io.hailiang.web.book.BookApplicationTests" time="0.014">
    <error message="Unable to find a @SpringBootConfiguration, you need to use @ContextConfiguration or @SpringBootTest(classes=...) with your test" type="java.lang.IllegalStateException"><![CDATA[java.lang.IllegalStateException: Unable to find a @SpringBootConfiguration, you need to use @ContextConfiguration or @SpringBootTest(classes=...) with your test
	at org.springframework.util.Assert.state(Assert.java:70)
	at org.springframework.boot.test.context.SpringBootTestContextBootstrapper.getOrFindConfigurationClasses(SpringBootTestContextBootstrapper.java:202)
	at org.springframework.boot.test.context.SpringBootTestContextBootstrapper.processMergedContextConfiguration(SpringBootTestContextBootstrapper.java:137)
	at org.springframework.test.context.support.AbstractTestContextBootstrapper.buildMergedContextConfiguration(AbstractTestContextBootstrapper.java:397)
	at org.springframework.test.context.support.AbstractTestContextBootstrapper.buildDefaultMergedContextConfiguration(AbstractTestContextBootstrapper.java:311)
	at org.springframework.test.context.support.AbstractTestContextBootstrapper.buildMergedContextConfiguration(AbstractTestContextBootstrapper.java:265)
	at org.springframework.test.context.support.AbstractTestContextBootstrapper.buildTestContext(AbstractTestContextBootstrapper.java:105)
	at org.springframework.boot.test.context.SpringBootTestContextBootstrapper.buildTestContext(SpringBootTestContextBootstrapper.java:82)
	at org.springframework.test.context.TestContextManager.<init>(TestContextManager.java:120)
	at org.springframework.test.context.TestContextManager.<init>(TestContextManager.java:105)
	at org.springframework.test.context.junit4.SpringJUnit4ClassRunner.createTestContextManager(SpringJUnit4ClassRunner.java:152)
	at org.springframework.test.context.junit4.SpringJUnit4ClassRunner.<init>(SpringJUnit4ClassRunner.java:143)
	at org.springframework.test.context.junit4.SpringRunner.<init>(SpringRunner.java:49)
	at sun.reflect.NativeConstructorAccessorImpl.newInstance0(Native Method)
	at sun.reflect.NativeConstructorAccessorImpl.newInstance(Unknown Source)
	at sun.reflect.DelegatingConstructorAccessorImpl.newInstance(Unknown Source)
	at java.lang.reflect.Constructor.newInstance(Unknown Source)
	at org.junit.internal.builders.AnnotatedBuilder.buildRunner(AnnotatedBuilder.java:104)
	at org.junit.internal.builders.AnnotatedBuilder.runnerForClass(AnnotatedBuilder.java:86)
	at org.junit.runners.model.RunnerBuilder.safeRunnerForClass(RunnerBuilder.java:59)
	at org.junit.internal.builders.AllDefaultPossibilitiesBuilder.runnerForClass(AllDefaultPossibilitiesBuilder.java:26)
	at org.junit.runners.model.RunnerBuilder.safeRunnerForClass(RunnerBuilder.java:59)
	at org.junit.internal.requests.ClassRequest.getRunner(ClassRequest.java:33)
	at org.apache.maven.surefire.junit4.JUnit4Provider.execute(JUnit4Provider.java:283)
	at org.apache.maven.surefire.junit4.JUnit4Provider.executeWithRerun(JUnit4Provider.java:173)
	at org.apache.maven.surefire.junit4.JUnit4Provider.executeTestSet(JUnit4Provider.java:153)
	at org.apache.maven.surefire.junit4.JUnit4Provider.invoke(JUnit4Provider.java:128)
	at org.apache.maven.surefire.booter.ForkedBooter.invokeProviderInSameClassLoader(ForkedBooter.java:203)
	at org.apache.maven.surefire.booter.ForkedBooter.runSuitesInProcess(ForkedBooter.java:155)
	at org.apache.maven.surefire.booter.ForkedBooter.main(ForkedBooter.java:103)
]]></error>
    <system-out><![CDATA[15:41:45.254 [main] DEBUG org.springframework.test.context.junit4.SpringJUnit4ClassRunner - SpringJUnit4ClassRunner constructor called with [class io.hailiang.web.book.BookApplicationTests]
15:41:45.267 [main] DEBUG org.springframework.test.context.BootstrapUtils - Instantiating CacheAwareContextLoaderDelegate from class [org.springframework.test.context.cache.DefaultCacheAwareContextLoaderDelegate]
15:41:45.282 [main] DEBUG org.springframework.test.context.BootstrapUtils - Instantiating BootstrapContext using constructor [public org.springframework.test.context.support.DefaultBootstrapContext(java.lang.Class,org.springframework.test.context.CacheAwareContextLoaderDelegate)]
15:41:45.317 [main] DEBUG org.springframework.test.context.BootstrapUtils - Instantiating TestContextBootstrapper for test class [io.hailiang.web.book.BookApplicationTests] from class [org.springframework.boot.test.context.SpringBootTestContextBootstrapper]
15:41:45.339 [main] INFO org.springframework.boot.test.context.SpringBootTestContextBootstrapper - Neither @ContextConfiguration nor @ContextHierarchy found for test class [io.hailiang.web.book.BookApplicationTests], using SpringBootContextLoader
15:41:45.343 [main] DEBUG org.springframework.test.context.support.AbstractContextLoader - Did not detect default resource location for test class [io.hailiang.web.book.BookApplicationTests]: class path resource [io/hailiang/web/book/BookApplicationTests-context.xml] does not exist
15:41:45.344 [main] DEBUG org.springframework.test.context.support.AbstractContextLoader - Did not detect default resource location for test class [io.hailiang.web.book.BookApplicationTests]: class path resource [io/hailiang/web/book/BookApplicationTestsContext.groovy] does not exist
15:41:45.344 [main] INFO org.springframework.test.context.support.AbstractContextLoader - Could not detect default resource locations for test class [io.hailiang.web.book.BookApplicationTests]: no resource found for suffixes {-context.xml, Context.groovy}.
15:41:45.345 [main] INFO org.springframework.test.context.support.AnnotationConfigContextLoaderUtils - Could not detect default configuration classes for test class [io.hailiang.web.book.BookApplicationTests]: BookApplicationTests does not declare any static, non-private, non-final, nested classes annotated with @Configuration.
15:41:45.416 [main] DEBUG org.springframework.test.context.support.ActiveProfilesUtils - Could not find an 'annotation declaring class' for annotation type [org.springframework.test.context.ActiveProfiles] and class [io.hailiang.web.book.BookApplicationTests]
15:41:45.428 [main] DEBUG org.springframework.core.env.StandardEnvironment - Adding PropertySource 'systemProperties' with lowest search precedence
15:41:45.430 [main] DEBUG org.springframework.core.env.StandardEnvironment - Adding PropertySource 'systemEnvironment' with lowest search precedence
15:41:45.431 [main] DEBUG org.springframework.core.env.StandardEnvironment - Initialized StandardEnvironment with PropertySources [MapPropertySource@733957003 {name='systemProperties', properties={java.runtime.name=Java(TM) SE Runtime Environment, sun.boot.library.path=D:\Java\JDK\bin, java.vm.version=25.191-b12, java.vm.vendor=Oracle Corporation, java.vendor.url=http://java.oracle.com/, path.separator=;, java.vm.name=Java HotSpot(TM) 64-Bit Server VM, file.encoding.pkg=sun.io, user.country=CN, user.script=, sun.java.launcher=SUN_STANDARD, sun.os.patch.level=, java.vm.specification.name=Java Virtual Machine Specification, user.dir=E:\CGB1906\CGB1906IIISTS\nbbook, java.runtime.version=1.8.0_191-b12, basedir=E:\CGB1906\CGB1906IIISTS\nbbook, java.awt.graphicsenv=sun.awt.Win32GraphicsEnvironment, java.endorsed.dirs=D:\Java\JDK\lib\endorsed, os.arch=amd64, surefire.real.class.path=E:\CGB1906\CGB1906IIISTS\nbbook\target\surefire\surefirebooter8873189043983314207.jar, java.io.tmpdir=C:\Users\10137\AppData\Local\Temp\, line.separator=
, java.vm.specification.vendor=Oracle Corporation, user.variant=, os.name=Windows 10, sun.jnu.encoding=GBK, java.library.path=D:\Java\JDK\bin;C:\WINDOWS\Sun\Java\bin;C:\WINDOWS\system32;C:\WINDOWS;D:/Java/JDK/bin/server;D:/Java/JDK/bin;D:/Java/JDK/lib/amd64;D:\Xshell6\;C:\Program Files (x86)\Common Files\Oracle\Java\javapath;C:\WINDOWS\system32;C:\WINDOWS;C:\WINDOWS\System32\Wbem;C:\WINDOWS\System32\WindowsPowerShell\v1.0\;C:\WINDOWS\System32\OpenSSH\;C:\Program Files\NVIDIA Corporation\NVIDIA NvDLISR;C:\Program Files (x86)\NVIDIA Corporation\PhysX\Common;C:\Program Files\MySQL\MySQL Server 5.5\bin;C:\Users\10137\AppData\Local\Microsoft\WindowsApps;C:\Program Files\Bandizip\;E:\java software\Microsoft VS Code\bin;E:\java software\sts-4.3.2.RELEASE;;., surefire.test.class.path=E:\CGB1906\CGB1906IIISTS\nbbook\target\test-classes;E:\CGB1906\CGB1906IIISTS\nbbook\target\classes;C:\Users\10137\maven\repository\org\springframework\boot\spring-boot-starter-web\1.5.17.RELEASE\spring-boot-starter-web-1.5.17.RELEASE.jar;C:\Users\10137\maven\repository\org\springframework\boot\spring-boot-starter\1.5.17.RELEASE\spring-boot-starter-1.5.17.RELEASE.jar;C:\Users\10137\maven\repository\org\springframework\boot\spring-boot-starter-logging\1.5.17.RELEASE\spring-boot-starter-logging-1.5.17.RELEASE.jar;C:\Users\10137\maven\repository\ch\qos\logback\logback-classic\1.1.11\logback-classic-1.1.11.jar;C:\Users\10137\maven\repository\ch\qos\logback\logback-core\1.1.11\logback-core-1.1.11.jar;C:\Users\10137\maven\repository\org\slf4j\jcl-over-slf4j\1.7.25\jcl-over-slf4j-1.7.25.jar;C:\Users\10137\maven\repository\org\slf4j\jul-to-slf4j\1.7.25\jul-to-slf4j-1.7.25.jar;C:\Users\10137\maven\repository\org\slf4j\log4j-over-slf4j\1.7.25\log4j-over-slf4j-1.7.25.jar;C:\Users\10137\maven\repository\org\yaml\snakeyaml\1.17\snakeyaml-1.17.jar;C:\Users\10137\maven\repository\org\hibernate\hibernate-validator\5.3.6.Final\hibernate-validator-5.3.6.Final.jar;C:\Users\10137\maven\repository\javax\validation\validation-api\1.1.0.Final\validation-api-1.1.0.Final.jar;C:\Users\10137\maven\repository\org\jboss\logging\jboss-logging\3.3.2.Final\jboss-logging-3.3.2.Final.jar;C:\Users\10137\maven\repository\com\fasterxml\jackson\core\jackson-databind\2.8.11.2\jackson-databind-2.8.11.2.jar;C:\Users\10137\maven\repository\com\fasterxml\jackson\core\jackson-annotations\2.8.0\jackson-annotations-2.8.0.jar;C:\Users\10137\maven\repository\com\fasterxml\jackson\core\jackson-core\2.8.11\jackson-core-2.8.11.jar;C:\Users\10137\maven\repository\org\springframework\spring-web\4.3.20.RELEASE\spring-web-4.3.20.RELEASE.jar;C:\Users\10137\maven\repository\org\springframework\spring-aop\4.3.20.RELEASE\spring-aop-4.3.20.RELEASE.jar;C:\Users\10137\maven\repository\org\springframework\spring-beans\4.3.20.RELEASE\spring-beans-4.3.20.RELEASE.jar;C:\Users\10137\maven\repository\org\springframework\spring-webmvc\4.3.20.RELEASE\spring-webmvc-4.3.20.RELEASE.jar;C:\Users\10137\maven\repository\org\springframework\spring-expression\4.3.20.RELEASE\spring-expression-4.3.20.RELEASE.jar;C:\Users\10137\maven\repository\org\springframework\boot\spring-boot-starter-test\1.5.17.RELEASE\spring-boot-starter-test-1.5.17.RELEASE.jar;C:\Users\10137\maven\repository\org\springframework\boot\spring-boot-test\1.5.17.RELEASE\spring-boot-test-1.5.17.RELEASE.jar;C:\Users\10137\maven\repository\org\springframework\boot\spring-boot-test-autoconfigure\1.5.17.RELEASE\spring-boot-test-autoconfigure-1.5.17.RELEASE.jar;C:\Users\10137\maven\repository\com\jayway\jsonpath\json-path\2.2.0\json-path-2.2.0.jar;C:\Users\10137\maven\repository\net\minidev\json-smart\2.2.1\json-smart-2.2.1.jar;C:\Users\10137\maven\repository\net\minidev\accessors-smart\1.1\accessors-smart-1.1.jar;C:\Users\10137\maven\repository\org\ow2\asm\asm\5.0.3\asm-5.0.3.jar;C:\Users\10137\maven\repository\junit\junit\4.12\junit-4.12.jar;C:\Users\10137\maven\repository\org\assertj\assertj-core\2.6.0\assertj-core-2.6.0.jar;C:\Users\10137\maven\repository\org\mockito\mockito-core\1.10.19\mockito-core-1.10.19.jar;C:\Users\10137\maven\repository\org\objenesis\objenesis\2.1\objenesis-2.1.jar;C:\Users\10137\maven\repository\org\hamcrest\hamcrest-core\1.3\hamcrest-core-1.3.jar;C:\Users\10137\maven\repository\org\hamcrest\hamcrest-library\1.3\hamcrest-library-1.3.jar;C:\Users\10137\maven\repository\org\skyscreamer\jsonassert\1.4.0\jsonassert-1.4.0.jar;C:\Users\10137\maven\repository\com\vaadin\external\google\android-json\0.0.20131108.vaadin1\android-json-0.0.20131108.vaadin1.jar;C:\Users\10137\maven\repository\org\springframework\spring-core\4.3.20.RELEASE\spring-core-4.3.20.RELEASE.jar;C:\Users\10137\maven\repository\org\springframework\spring-test\4.3.20.RELEASE\spring-test-4.3.20.RELEASE.jar;C:\Users\10137\maven\repository\org\springframework\boot\spring-boot-devtools\1.5.17.RELEASE\spring-boot-devtools-1.5.17.RELEASE.jar;C:\Users\10137\maven\repository\org\springframework\boot\spring-boot\1.5.17.RELEASE\spring-boot-1.5.17.RELEASE.jar;C:\Users\10137\maven\repository\org\springframework\boot\spring-boot-autoconfigure\1.5.17.RELEASE\spring-boot-autoconfigure-1.5.17.RELEASE.jar;C:\Users\10137\maven\repository\org\mybatis\spring\boot\mybatis-spring-boot-starter\1.3.3\mybatis-spring-boot-starter-1.3.3.jar;C:\Users\10137\maven\repository\org\springframework\boot\spring-boot-starter-jdbc\1.5.17.RELEASE\spring-boot-starter-jdbc-1.5.17.RELEASE.jar;C:\Users\10137\maven\repository\org\apache\tomcat\tomcat-jdbc\8.5.34\tomcat-jdbc-8.5.34.jar;C:\Users\10137\maven\repository\org\apache\tomcat\tomcat-juli\8.5.34\tomcat-juli-8.5.34.jar;C:\Users\10137\maven\repository\org\springframework\spring-jdbc\4.3.20.RELEASE\spring-jdbc-4.3.20.RELEASE.jar;C:\Users\10137\maven\repository\org\springframework\spring-tx\4.3.20.RELEASE\spring-tx-4.3.20.RELEASE.jar;C:\Users\10137\maven\repository\org\mybatis\spring\boot\mybatis-spring-boot-autoconfigure\1.3.3\mybatis-spring-boot-autoconfigure-1.3.3.jar;C:\Users\10137\maven\repository\org\mybatis\mybatis\3.4.6\mybatis-3.4.6.jar;C:\Users\10137\maven\repository\org\mybatis\mybatis-spring\1.3.2\mybatis-spring-1.3.2.jar;C:\Users\10137\maven\repository\org\springframework\boot\spring-boot-starter-mail\1.5.17.RELEASE\spring-boot-starter-mail-1.5.17.RELEASE.jar;C:\Users\10137\maven\repository\org\springframework\spring-context\4.3.20.RELEASE\spring-context-4.3.20.RELEASE.jar;C:\Users\10137\maven\repository\org\springframework\spring-context-support\4.3.20.RELEASE\spring-context-support-4.3.20.RELEASE.jar;C:\Users\10137\maven\repository\com\sun\mail\javax.mail\1.5.6\javax.mail-1.5.6.jar;C:\Users\10137\maven\repository\javax\activation\activation\1.1\activation-1.1.jar;C:\Users\10137\maven\repository\mysql\mysql-connector-java\5.1.47\mysql-connector-java-5.1.47.jar;C:\Users\10137\maven\repository\com\alibaba\druid\1.1.8\druid-1.1.8.jar;C:\Users\10137\maven\repository\com\alibaba\druid-spring-boot-starter\1.1.10\druid-spring-boot-starter-1.1.10.jar;C:\Users\10137\maven\repository\org\slf4j\slf4j-api\1.7.25\slf4j-api-1.7.25.jar;C:\Users\10137\maven\repository\org\projectlombok\lombok\1.16.10\lombok-1.16.10.jar;C:\Users\10137\maven\repository\com\google\guava\guava\20.0\guava-20.0.jar;C:\Users\10137\maven\repository\org\apache\commons\commons-lang3\3.8.1\commons-lang3-3.8.1.jar;C:\Users\10137\maven\repository\org\apache\shiro\shiro-core\1.4.0\shiro-core-1.4.0.jar;C:\Users\10137\maven\repository\org\apache\shiro\shiro-lang\1.4.0\shiro-lang-1.4.0.jar;C:\Users\10137\maven\repository\org\apache\shiro\shiro-cache\1.4.0\shiro-cache-1.4.0.jar;C:\Users\10137\maven\repository\org\apache\shiro\shiro-crypto-hash\1.4.0\shiro-crypto-hash-1.4.0.jar;C:\Users\10137\maven\repository\org\apache\shiro\shiro-crypto-core\1.4.0\shiro-crypto-core-1.4.0.jar;C:\Users\10137\maven\repository\org\apache\shiro\shiro-crypto-cipher\1.4.0\shiro-crypto-cipher-1.4.0.jar;C:\Users\10137\maven\repository\org\apache\shiro\shiro-config-core\1.4.0\shiro-config-core-1.4.0.jar;C:\Users\10137\maven\repository\org\apache\shiro\shiro-config-ogdl\1.4.0\shiro-config-ogdl-1.4.0.jar;C:\Users\10137\maven\repository\commons-beanutils\commons-beanutils\1.9.3\commons-beanutils-1.9.3.jar;C:\Users\10137\maven\repository\commons-collections\commons-collections\3.2.2\commons-collections-3.2.2.jar;C:\Users\10137\maven\repository\org\apache\shiro\shiro-event\1.4.0\shiro-event-1.4.0.jar;C:\Users\10137\maven\repository\org\springframework\boot\spring-boot-starter-tomcat\1.5.17.RELEASE\spring-boot-starter-tomcat-1.5.17.RELEASE.jar;C:\Users\10137\maven\repository\org\apache\tomcat\embed\tomcat-embed-core\8.5.34\tomcat-embed-core-8.5.34.jar;C:\Users\10137\maven\repository\org\apache\tomcat\tomcat-annotations-api\8.5.34\tomcat-annotations-api-8.5.34.jar;C:\Users\10137\maven\repository\org\apache\tomcat\embed\tomcat-embed-el\8.5.34\tomcat-embed-el-8.5.34.jar;C:\Users\10137\maven\repository\org\apache\tomcat\embed\tomcat-embed-websocket\8.5.34\tomcat-embed-websocket-8.5.34.jar;C:\Users\10137\maven\repository\org\apache\tomcat\embed\tomcat-embed-jasper\8.5.34\tomcat-embed-jasper-8.5.34.jar;C:\Users\10137\maven\repository\org\eclipse\jdt\ecj\3.12.3\ecj-3.12.3.jar;C:\Users\10137\maven\repository\javax\servlet\javax.servlet-api\3.1.0\javax.servlet-api-3.1.0.jar;C:\Users\10137\maven\repository\javax\servlet\jstl\1.2\jstl-1.2.jar;C:\Users\10137\maven\repository\com\auth0\java-jwt\3.4.0\java-jwt-3.4.0.jar;C:\Users\10137\maven\repository\commons-codec\commons-codec\1.10\commons-codec-1.10.jar;C:\Users\10137\maven\repository\io\springfox\springfox-swagger2\2.9.2\springfox-swagger2-2.9.2.jar;C:\Users\10137\maven\repository\io\swagger\swagger-annotations\1.5.20\swagger-annotations-1.5.20.jar;C:\Users\10137\maven\repository\io\swagger\swagger-models\1.5.20\swagger-models-1.5.20.jar;C:\Users\10137\maven\repository\io\springfox\springfox-spi\2.9.2\springfox-spi-2.9.2.jar;C:\Users\10137\maven\repository\io\springfox\springfox-core\2.9.2\springfox-core-2.9.2.jar;C:\Users\10137\maven\repository\net\bytebuddy\byte-buddy\1.8.12\byte-buddy-1.8.12.jar;C:\Users\10137\maven\repository\io\springfox\springfox-schema\2.9.2\springfox-schema-2.9.2.jar;C:\Users\10137\maven\repository\io\springfox\springfox-swagger-common\2.9.2\springfox-swagger-common-2.9.2.jar;C:\Users\10137\maven\repository\io\springfox\springfox-spring-web\2.9.2\springfox-spring-web-2.9.2.jar;C:\Users\10137\maven\repository\com\fasterxml\classmate\1.3.4\classmate-1.3.4.jar;C:\Users\10137\maven\repository\org\springframework\plugin\spring-plugin-core\1.2.0.RELEASE\spring-plugin-core-1.2.0.RELEASE.jar;C:\Users\10137\maven\repository\org\springframework\plugin\spring-plugin-metadata\1.2.0.RELEASE\spring-plugin-metadata-1.2.0.RELEASE.jar;C:\Users\10137\maven\repository\org\mapstruct\mapstruct\1.2.0.Final\mapstruct-1.2.0.Final.jar;C:\Users\10137\maven\repository\io\springfox\springfox-swagger-ui\2.9.2\springfox-swagger-ui-2.9.2.jar;C:\Users\10137\maven\repository\com\google\code\gson\gson\2.8.5\gson-2.8.5.jar;C:\Users\10137\maven\repository\org\apache\httpcomponents\httpclient\4.5.6\httpclient-4.5.6.jar;C:\Users\10137\maven\repository\org\apache\httpcomponents\httpcore\4.4.10\httpcore-4.4.10.jar;C:\Users\10137\maven\repository\commons-io\commons-io\2.5\commons-io-2.5.jar;, java.specification.name=Java Platform API Specification, java.class.version=52.0, sun.management.compiler=HotSpot 64-Bit Tiered Compilers, os.version=10.0, user.home=C:\Users\10137, user.timezone=Asia/Shanghai, java.awt.printerjob=sun.awt.windows.WPrinterJob, file.encoding=GBK, java.specification.version=1.8, java.class.path=E:\CGB1906\CGB1906IIISTS\nbbook\target\test-classes;E:\CGB1906\CGB1906IIISTS\nbbook\target\classes;C:\Users\10137\maven\repository\org\springframework\boot\spring-boot-starter-web\1.5.17.RELEASE\spring-boot-starter-web-1.5.17.RELEASE.jar;C:\Users\10137\maven\repository\org\springframework\boot\spring-boot-starter\1.5.17.RELEASE\spring-boot-starter-1.5.17.RELEASE.jar;C:\Users\10137\maven\repository\org\springframework\boot\spring-boot-starter-logging\1.5.17.RELEASE\spring-boot-starter-logging-1.5.17.RELEASE.jar;C:\Users\10137\maven\repository\ch\qos\logback\logback-classic\1.1.11\logback-classic-1.1.11.jar;C:\Users\10137\maven\repository\ch\qos\logback\logback-core\1.1.11\logback-core-1.1.11.jar;C:\Users\10137\maven\repository\org\slf4j\jcl-over-slf4j\1.7.25\jcl-over-slf4j-1.7.25.jar;C:\Users\10137\maven\repository\org\slf4j\jul-to-slf4j\1.7.25\jul-to-slf4j-1.7.25.jar;C:\Users\10137\maven\repository\org\slf4j\log4j-over-slf4j\1.7.25\log4j-over-slf4j-1.7.25.jar;C:\Users\10137\maven\repository\org\yaml\snakeyaml\1.17\snakeyaml-1.17.jar;C:\Users\10137\maven\repository\org\hibernate\hibernate-validator\5.3.6.Final\hibernate-validator-5.3.6.Final.jar;C:\Users\10137\maven\repository\javax\validation\validation-api\1.1.0.Final\validation-api-1.1.0.Final.jar;C:\Users\10137\maven\repository\org\jboss\logging\jboss-logging\3.3.2.Final\jboss-logging-3.3.2.Final.jar;C:\Users\10137\maven\repository\com\fasterxml\jackson\core\jackson-databind\2.8.11.2\jackson-databind-2.8.11.2.jar;C:\Users\10137\maven\repository\com\fasterxml\jackson\core\jackson-annotations\2.8.0\jackson-annotations-2.8.0.jar;C:\Users\10137\maven\repository\com\fasterxml\jackson\core\jackson-core\2.8.11\jackson-core-2.8.11.jar;C:\Users\10137\maven\repository\org\springframework\spring-web\4.3.20.RELEASE\spring-web-4.3.20.RELEASE.jar;C:\Users\10137\maven\repository\org\springframework\spring-aop\4.3.20.RELEASE\spring-aop-4.3.20.RELEASE.jar;C:\Users\10137\maven\repository\org\springframework\spring-beans\4.3.20.RELEASE\spring-beans-4.3.20.RELEASE.jar;C:\Users\10137\maven\repository\org\springframework\spring-webmvc\4.3.20.RELEASE\spring-webmvc-4.3.20.RELEASE.jar;C:\Users\10137\maven\repository\org\springframework\spring-expression\4.3.20.RELEASE\spring-expression-4.3.20.RELEASE.jar;C:\Users\10137\maven\repository\org\springframework\boot\spring-boot-starter-test\1.5.17.RELEASE\spring-boot-starter-test-1.5.17.RELEASE.jar;C:\Users\10137\maven\repository\org\springframework\boot\spring-boot-test\1.5.17.RELEASE\spring-boot-test-1.5.17.RELEASE.jar;C:\Users\10137\maven\repository\org\springframework\boot\spring-boot-test-autoconfigure\1.5.17.RELEASE\spring-boot-test-autoconfigure-1.5.17.RELEASE.jar;C:\Users\10137\maven\repository\com\jayway\jsonpath\json-path\2.2.0\json-path-2.2.0.jar;C:\Users\10137\maven\repository\net\minidev\json-smart\2.2.1\json-smart-2.2.1.jar;C:\Users\10137\maven\repository\net\minidev\accessors-smart\1.1\accessors-smart-1.1.jar;C:\Users\10137\maven\repository\org\ow2\asm\asm\5.0.3\asm-5.0.3.jar;C:\Users\10137\maven\repository\junit\junit\4.12\junit-4.12.jar;C:\Users\10137\maven\repository\org\assertj\assertj-core\2.6.0\assertj-core-2.6.0.jar;C:\Users\10137\maven\repository\org\mockito\mockito-core\1.10.19\mockito-core-1.10.19.jar;C:\Users\10137\maven\repository\org\objenesis\objenesis\2.1\objenesis-2.1.jar;C:\Users\10137\maven\repository\org\hamcrest\hamcrest-core\1.3\hamcrest-core-1.3.jar;C:\Users\10137\maven\repository\org\hamcrest\hamcrest-library\1.3\hamcrest-library-1.3.jar;C:\Users\10137\maven\repository\org\skyscreamer\jsonassert\1.4.0\jsonassert-1.4.0.jar;C:\Users\10137\maven\repository\com\vaadin\external\google\android-json\0.0.20131108.vaadin1\android-json-0.0.20131108.vaadin1.jar;C:\Users\10137\maven\repository\org\springframework\spring-core\4.3.20.RELEASE\spring-core-4.3.20.RELEASE.jar;C:\Users\10137\maven\repository\org\springframework\spring-test\4.3.20.RELEASE\spring-test-4.3.20.RELEASE.jar;C:\Users\10137\maven\repository\org\springframework\boot\spring-boot-devtools\1.5.17.RELEASE\spring-boot-devtools-1.5.17.RELEASE.jar;C:\Users\10137\maven\repository\org\springframework\boot\spring-boot\1.5.17.RELEASE\spring-boot-1.5.17.RELEASE.jar;C:\Users\10137\maven\repository\org\springframework\boot\spring-boot-autoconfigure\1.5.17.RELEASE\spring-boot-autoconfigure-1.5.17.RELEASE.jar;C:\Users\10137\maven\repository\org\mybatis\spring\boot\mybatis-spring-boot-starter\1.3.3\mybatis-spring-boot-starter-1.3.3.jar;C:\Users\10137\maven\repository\org\springframework\boot\spring-boot-starter-jdbc\1.5.17.RELEASE\spring-boot-starter-jdbc-1.5.17.RELEASE.jar;C:\Users\10137\maven\repository\org\apache\tomcat\tomcat-jdbc\8.5.34\tomcat-jdbc-8.5.34.jar;C:\Users\10137\maven\repository\org\apache\tomcat\tomcat-juli\8.5.34\tomcat-juli-8.5.34.jar;C:\Users\10137\maven\repository\org\springframework\spring-jdbc\4.3.20.RELEASE\spring-jdbc-4.3.20.RELEASE.jar;C:\Users\10137\maven\repository\org\springframework\spring-tx\4.3.20.RELEASE\spring-tx-4.3.20.RELEASE.jar;C:\Users\10137\maven\repository\org\mybatis\spring\boot\mybatis-spring-boot-autoconfigure\1.3.3\mybatis-spring-boot-autoconfigure-1.3.3.jar;C:\Users\10137\maven\repository\org\mybatis\mybatis\3.4.6\mybatis-3.4.6.jar;C:\Users\10137\maven\repository\org\mybatis\mybatis-spring\1.3.2\mybatis-spring-1.3.2.jar;C:\Users\10137\maven\repository\org\springframework\boot\spring-boot-starter-mail\1.5.17.RELEASE\spring-boot-starter-mail-1.5.17.RELEASE.jar;C:\Users\10137\maven\repository\org\springframework\spring-context\4.3.20.RELEASE\spring-context-4.3.20.RELEASE.jar;C:\Users\10137\maven\repository\org\springframework\spring-context-support\4.3.20.RELEASE\spring-context-support-4.3.20.RELEASE.jar;C:\Users\10137\maven\repository\com\sun\mail\javax.mail\1.5.6\javax.mail-1.5.6.jar;C:\Users\10137\maven\repository\javax\activation\activation\1.1\activation-1.1.jar;C:\Users\10137\maven\repository\mysql\mysql-connector-java\5.1.47\mysql-connector-java-5.1.47.jar;C:\Users\10137\maven\repository\com\alibaba\druid\1.1.8\druid-1.1.8.jar;C:\Users\10137\maven\repository\com\alibaba\druid-spring-boot-starter\1.1.10\druid-spring-boot-starter-1.1.10.jar;C:\Users\10137\maven\repository\org\slf4j\slf4j-api\1.7.25\slf4j-api-1.7.25.jar;C:\Users\10137\maven\repository\org\projectlombok\lombok\1.16.10\lombok-1.16.10.jar;C:\Users\10137\maven\repository\com\google\guava\guava\20.0\guava-20.0.jar;C:\Users\10137\maven\repository\org\apache\commons\commons-lang3\3.8.1\commons-lang3-3.8.1.jar;C:\Users\10137\maven\repository\org\apache\shiro\shiro-core\1.4.0\shiro-core-1.4.0.jar;C:\Users\10137\maven\repository\org\apache\shiro\shiro-lang\1.4.0\shiro-lang-1.4.0.jar;C:\Users\10137\maven\repository\org\apache\shiro\shiro-cache\1.4.0\shiro-cache-1.4.0.jar;C:\Users\10137\maven\repository\org\apache\shiro\shiro-crypto-hash\1.4.0\shiro-crypto-hash-1.4.0.jar;C:\Users\10137\maven\repository\org\apache\shiro\shiro-crypto-core\1.4.0\shiro-crypto-core-1.4.0.jar;C:\Users\10137\maven\repository\org\apache\shiro\shiro-crypto-cipher\1.4.0\shiro-crypto-cipher-1.4.0.jar;C:\Users\10137\maven\repository\org\apache\shiro\shiro-config-core\1.4.0\shiro-config-core-1.4.0.jar;C:\Users\10137\maven\repository\org\apache\shiro\shiro-config-ogdl\1.4.0\shiro-config-ogdl-1.4.0.jar;C:\Users\10137\maven\repository\commons-beanutils\commons-beanutils\1.9.3\commons-beanutils-1.9.3.jar;C:\Users\10137\maven\repository\commons-collections\commons-collections\3.2.2\commons-collections-3.2.2.jar;C:\Users\10137\maven\repository\org\apache\shiro\shiro-event\1.4.0\shiro-event-1.4.0.jar;C:\Users\10137\maven\repository\org\springframework\boot\spring-boot-starter-tomcat\1.5.17.RELEASE\spring-boot-starter-tomcat-1.5.17.RELEASE.jar;C:\Users\10137\maven\repository\org\apache\tomcat\embed\tomcat-embed-core\8.5.34\tomcat-embed-core-8.5.34.jar;C:\Users\10137\maven\repository\org\apache\tomcat\tomcat-annotations-api\8.5.34\tomcat-annotations-api-8.5.34.jar;C:\Users\10137\maven\repository\org\apache\tomcat\embed\tomcat-embed-el\8.5.34\tomcat-embed-el-8.5.34.jar;C:\Users\10137\maven\repository\org\apache\tomcat\embed\tomcat-embed-websocket\8.5.34\tomcat-embed-websocket-8.5.34.jar;C:\Users\10137\maven\repository\org\apache\tomcat\embed\tomcat-embed-jasper\8.5.34\tomcat-embed-jasper-8.5.34.jar;C:\Users\10137\maven\repository\org\eclipse\jdt\ecj\3.12.3\ecj-3.12.3.jar;C:\Users\10137\maven\repository\javax\servlet\javax.servlet-api\3.1.0\javax.servlet-api-3.1.0.jar;C:\Users\10137\maven\repository\javax\servlet\jstl\1.2\jstl-1.2.jar;C:\Users\10137\maven\repository\com\auth0\java-jwt\3.4.0\java-jwt-3.4.0.jar;C:\Users\10137\maven\repository\commons-codec\commons-codec\1.10\commons-codec-1.10.jar;C:\Users\10137\maven\repository\io\springfox\springfox-swagger2\2.9.2\springfox-swagger2-2.9.2.jar;C:\Users\10137\maven\repository\io\swagger\swagger-annotations\1.5.20\swagger-annotations-1.5.20.jar;C:\Users\10137\maven\repository\io\swagger\swagger-models\1.5.20\swagger-models-1.5.20.jar;C:\Users\10137\maven\repository\io\springfox\springfox-spi\2.9.2\springfox-spi-2.9.2.jar;C:\Users\10137\maven\repository\io\springfox\springfox-core\2.9.2\springfox-core-2.9.2.jar;C:\Users\10137\maven\repository\net\bytebuddy\byte-buddy\1.8.12\byte-buddy-1.8.12.jar;C:\Users\10137\maven\repository\io\springfox\springfox-schema\2.9.2\springfox-schema-2.9.2.jar;C:\Users\10137\maven\repository\io\springfox\springfox-swagger-common\2.9.2\springfox-swagger-common-2.9.2.jar;C:\Users\10137\maven\repository\io\springfox\springfox-spring-web\2.9.2\springfox-spring-web-2.9.2.jar;C:\Users\10137\maven\repository\com\fasterxml\classmate\1.3.4\classmate-1.3.4.jar;C:\Users\10137\maven\repository\org\springframework\plugin\spring-plugin-core\1.2.0.RELEASE\spring-plugin-core-1.2.0.RELEASE.jar;C:\Users\10137\maven\repository\org\springframework\plugin\spring-plugin-metadata\1.2.0.RELEASE\spring-plugin-metadata-1.2.0.RELEASE.jar;C:\Users\10137\maven\repository\org\mapstruct\mapstruct\1.2.0.Final\mapstruct-1.2.0.Final.jar;C:\Users\10137\maven\repository\io\springfox\springfox-swagger-ui\2.9.2\springfox-swagger-ui-2.9.2.jar;C:\Users\10137\maven\repository\com\google\code\gson\gson\2.8.5\gson-2.8.5.jar;C:\Users\10137\maven\repository\org\apache\httpcomponents\httpclient\4.5.6\httpclient-4.5.6.jar;C:\Users\10137\maven\repository\org\apache\httpcomponents\httpcore\4.4.10\httpcore-4.4.10.jar;C:\Users\10137\maven\repository\commons-io\commons-io\2.5\commons-io-2.5.jar;, user.name=10137, java.vm.specification.version=1.8, sun.java.command=E:\CGB1906\CGB1906IIISTS\nbbook\target\surefire\surefirebooter8873189043983314207.jar E:\CGB1906\CGB1906IIISTS\nbbook\target\surefire\surefire2112648902300499330tmp E:\CGB1906\CGB1906IIISTS\nbbook\target\surefire\surefire_0111073435765600893tmp, java.home=D:\Java\JDK, sun.arch.data.model=64, user.language=zh, java.specification.vendor=Oracle Corporation, awt.toolkit=sun.awt.windows.WToolkit, java.vm.info=mixed mode, java.version=1.8.0_191, java.ext.dirs=D:\Java\JDK\lib\ext;C:\WINDOWS\Sun\Java\lib\ext, sun.boot.class.path=D:\Java\JDK\lib\resources.jar;D:\Java\JDK\lib\rt.jar;D:\Java\JDK\lib\sunrsasign.jar;D:\Java\JDK\lib\jsse.jar;D:\Java\JDK\lib\jce.jar;D:\Java\JDK\lib\charsets.jar;D:\Java\JDK\lib\jfr.jar;D:\Java\JDK\classes, java.vendor=Oracle Corporation, localRepository=C:\Users\10137\maven\repository, style.color=always, file.separator=\, java.vendor.url.bug=http://bugreport.sun.com/bugreport/, sun.io.unicode.encoding=UnicodeLittle, sun.cpu.endian=little, sun.desktop=windows, sun.cpu.isalist=amd64}}, SystemEnvironmentPropertySource@815992954 {name='systemEnvironment', properties={PATH=D:/Java/JDK/bin/server;D:/Java/JDK/bin;D:/Java/JDK/lib/amd64;D:\Xshell6\;C:\Program Files (x86)\Common Files\Oracle\Java\javapath;C:\WINDOWS\system32;C:\WINDOWS;C:\WINDOWS\System32\Wbem;C:\WINDOWS\System32\WindowsPowerShell\v1.0\;C:\WINDOWS\System32\OpenSSH\;C:\Program Files\NVIDIA Corporation\NVIDIA NvDLISR;C:\Program Files (x86)\NVIDIA Corporation\PhysX\Common;C:\Program Files\MySQL\MySQL Server 5.5\bin;C:\Users\10137\AppData\Local\Microsoft\WindowsApps;C:\Program Files\Bandizip\;E:\java software\Microsoft VS Code\bin;E:\java software\sts-4.3.2.RELEASE;, USERDOMAIN_ROAMINGPROFILE=WZJ, LOCALAPPDATA=C:\Users\10137\AppData\Local, PROCESSOR_LEVEL=6, SYSTEMDRIVE=C:, COMMONPROGRAMFILES(X86)=C:\Program Files (x86)\Common Files, USERDOMAIN=WZJ, FPS_BROWSER_APP_PROFILE_STRING=Internet Explorer, LOGONSERVER=\\WZJ, JAVA_HOME=D:\Java\JDK, PROMPT=$P$G, SESSIONNAME=Console, ALLUSERSPROFILE=C:\ProgramData, PROGRAMFILES(X86)=C:\Program Files (x86), PROCESSOR_ARCHITECTURE=AMD64, DRIVERDATA=C:\Windows\System32\Drivers\DriverData, =E:=E:\CGB1906\CGB1906IIISTS\nbbook, PROGRAMFILES=C:\Program Files, =C:=C:\, APPDATA=C:\Users\10137\AppData\Roaming, PSMODULEPATH=C:\Program Files\WindowsPowerShell\Modules;C:\WINDOWS\system32\WindowsPowerShell\v1.0\Modules, PROGRAMW6432=C:\Program Files, PROGRAMDATA=C:\ProgramData, SYSTEMROOT=C:\WINDOWS, USERNAME=10137, FPS_BROWSER_USER_PROFILE_STRING=Default, ONEDRIVE=C:\Users\10137\OneDrive, PATHEXT=.COM;.EXE;.BAT;.CMD;.VBS;.VBE;.JS;.JSE;.WSF;.WSH;.MSC, OS=Windows_NT, COMMONPROGRAMW6432=C:\Program Files\Common Files, COMPUTERNAME=WZJ, COMMONPROGRAMFILES=C:\Program Files\Common Files, COMSPEC=C:\WINDOWS\system32\cmd.exe, PROCESSOR_REVISION=9e09, WINDIR=C:\WINDOWS, =D:=D:\, HOMEPATH=\Users\10137, TEMP=C:\Users\10137\AppData\Local\Temp, HOMEDRIVE=C:, PROCESSOR_IDENTIFIER=Intel64 Family 6 Model 158 Stepping 9, GenuineIntel, USERPROFILE=C:\Users\10137, TMP=C:\Users\10137\AppData\Local\Temp, PUBLIC=C:\Users\Public, NUMBER_OF_PROCESSORS=8, =::=::\}}]
15:41:45.450 [main] DEBUG org.springframework.core.io.support.PathMatchingResourcePatternResolver - Resolved classpath location [io/hailiang/web/book/] to resources [URL [file:/E:/CGB1906/CGB1906IIISTS/nbbook/target/test-classes/io/hailiang/web/book/]]
15:41:45.450 [main] DEBUG org.springframework.core.io.support.PathMatchingResourcePatternResolver - Looking for matching resources in directory tree [E:\CGB1906\CGB1906IIISTS\nbbook\target\test-classes\io\hailiang\web\book]
15:41:45.451 [main] DEBUG org.springframework.core.io.support.PathMatchingResourcePatternResolver - Searching directory [E:\CGB1906\CGB1906IIISTS\nbbook\target\test-classes\io\hailiang\web\book] for files matching pattern [E:/CGB1906/CGB1906IIISTS/nbbook/target/test-classes/io/hailiang/web/book/*.class]
15:41:45.455 [main] DEBUG org.springframework.core.io.support.PathMatchingResourcePatternResolver - Resolved location pattern [classpath*:io/hailiang/web/book/*.class] to resources [file [E:\CGB1906\CGB1906IIISTS\nbbook\target\test-classes\io\hailiang\web\book\BookApplicationTests.class]]
15:41:45.492 [main] DEBUG org.springframework.core.io.support.PathMatchingResourcePatternResolver - Resolved classpath location [io/hailiang/web/] to resources [URL [file:/E:/CGB1906/CGB1906IIISTS/nbbook/target/test-classes/io/hailiang/web/]]
15:41:45.493 [main] DEBUG org.springframework.core.io.support.PathMatchingResourcePatternResolver - Looking for matching resources in directory tree [E:\CGB1906\CGB1906IIISTS\nbbook\target\test-classes\io\hailiang\web]
15:41:45.493 [main] DEBUG org.springframework.core.io.support.PathMatchingResourcePatternResolver - Searching directory [E:\CGB1906\CGB1906IIISTS\nbbook\target\test-classes\io\hailiang\web] for files matching pattern [E:/CGB1906/CGB1906IIISTS/nbbook/target/test-classes/io/hailiang/web/*.class]
15:41:45.494 [main] DEBUG org.springframework.core.io.support.PathMatchingResourcePatternResolver - Resolved location pattern [classpath*:io/hailiang/web/*.class] to resources []
15:41:45.495 [main] DEBUG org.springframework.core.io.support.PathMatchingResourcePatternResolver - Resolved classpath location [io/hailiang/] to resources [URL [file:/E:/CGB1906/CGB1906IIISTS/nbbook/target/test-classes/io/hailiang/]]
15:41:45.495 [main] DEBUG org.springframework.core.io.support.PathMatchingResourcePatternResolver - Looking for matching resources in directory tree [E:\CGB1906\CGB1906IIISTS\nbbook\target\test-classes\io\hailiang]
15:41:45.495 [main] DEBUG org.springframework.core.io.support.PathMatchingResourcePatternResolver - Searching directory [E:\CGB1906\CGB1906IIISTS\nbbook\target\test-classes\io\hailiang] for files matching pattern [E:/CGB1906/CGB1906IIISTS/nbbook/target/test-classes/io/hailiang/*.class]
15:41:45.496 [main] DEBUG org.springframework.core.io.support.PathMatchingResourcePatternResolver - Resolved location pattern [classpath*:io/hailiang/*.class] to resources []
15:41:45.498 [main] DEBUG org.springframework.core.io.support.PathMatchingResourcePatternResolver - Resolved classpath location [io/] to resources [URL [file:/E:/CGB1906/CGB1906IIISTS/nbbook/target/test-classes/io/], URL [jar:file:/C:/Users/10137/maven/repository/io/swagger/swagger-annotations/1.5.20/swagger-annotations-1.5.20.jar!/io/], URL [jar:file:/C:/Users/10137/maven/repository/io/swagger/swagger-models/1.5.20/swagger-models-1.5.20.jar!/io/]]
15:41:45.498 [main] DEBUG org.springframework.core.io.support.PathMatchingResourcePatternResolver - Looking for matching resources in directory tree [E:\CGB1906\CGB1906IIISTS\nbbook\target\test-classes\io]
15:41:45.499 [main] DEBUG org.springframework.core.io.support.PathMatchingResourcePatternResolver - Searching directory [E:\CGB1906\CGB1906IIISTS\nbbook\target\test-classes\io] for files matching pattern [E:/CGB1906/CGB1906IIISTS/nbbook/target/test-classes/io/*.class]
15:41:45.500 [main] DEBUG org.springframework.core.io.support.PathMatchingResourcePatternResolver - Looking for matching resources in jar file [file:/C:/Users/10137/maven/repository/io/swagger/swagger-annotations/1.5.20/swagger-annotations-1.5.20.jar]
15:41:45.506 [main] DEBUG org.springframework.core.io.support.PathMatchingResourcePatternResolver - Looking for matching resources in jar file [file:/C:/Users/10137/maven/repository/io/swagger/swagger-models/1.5.20/swagger-models-1.5.20.jar]
15:41:45.513 [main] DEBUG org.springframework.core.io.support.PathMatchingResourcePatternResolver - Resolved location pattern [classpath*:io/*.class] to resources []
15:41:45.522 [main] DEBUG org.springframework.test.context.junit4.SpringJUnit4ClassRunner - SpringJUnit4ClassRunner constructor called with [class io.hailiang.web.book.BookApplicationTests]
15:41:45.523 [main] DEBUG org.springframework.test.context.BootstrapUtils - Instantiating CacheAwareContextLoaderDelegate from class [org.springframework.test.context.cache.DefaultCacheAwareContextLoaderDelegate]
15:41:45.523 [main] DEBUG org.springframework.test.context.BootstrapUtils - Instantiating BootstrapContext using constructor [public org.springframework.test.context.support.DefaultBootstrapContext(java.lang.Class,org.springframework.test.context.CacheAwareContextLoaderDelegate)]
15:41:45.524 [main] DEBUG org.springframework.test.context.BootstrapUtils - Instantiating TestContextBootstrapper for test class [io.hailiang.web.book.BookApplicationTests] from class [org.springframework.boot.test.context.SpringBootTestContextBootstrapper]
15:41:45.525 [main] INFO org.springframework.boot.test.context.SpringBootTestContextBootstrapper - Neither @ContextConfiguration nor @ContextHierarchy found for test class [io.hailiang.web.book.BookApplicationTests], using SpringBootContextLoader
15:41:45.526 [main] DEBUG org.springframework.test.context.support.AbstractContextLoader - Did not detect default resource location for test class [io.hailiang.web.book.BookApplicationTests]: class path resource [io/hailiang/web/book/BookApplicationTests-context.xml] does not exist
15:41:45.527 [main] DEBUG org.springframework.test.context.support.AbstractContextLoader - Did not detect default resource location for test class [io.hailiang.web.book.BookApplicationTests]: class path resource [io/hailiang/web/book/BookApplicationTestsContext.groovy] does not exist
15:41:45.527 [main] INFO org.springframework.test.context.support.AbstractContextLoader - Could not detect default resource locations for test class [io.hailiang.web.book.BookApplicationTests]: no resource found for suffixes {-context.xml, Context.groovy}.
15:41:45.527 [main] INFO org.springframework.test.context.support.AnnotationConfigContextLoaderUtils - Could not detect default configuration classes for test class [io.hailiang.web.book.BookApplicationTests]: BookApplicationTests does not declare any static, non-private, non-final, nested classes annotated with @Configuration.
15:41:45.541 [main] DEBUG org.springframework.test.context.support.ActiveProfilesUtils - Could not find an 'annotation declaring class' for annotation type [org.springframework.test.context.ActiveProfiles] and class [io.hailiang.web.book.BookApplicationTests]
15:41:45.541 [main] DEBUG org.springframework.core.env.StandardEnvironment - Adding PropertySource 'systemProperties' with lowest search precedence
15:41:45.541 [main] DEBUG org.springframework.core.env.StandardEnvironment - Adding PropertySource 'systemEnvironment' with lowest search precedence
15:41:45.542 [main] DEBUG org.springframework.core.env.StandardEnvironment - Initialized StandardEnvironment with PropertySources [MapPropertySource@209833425 {name='systemProperties', properties={java.runtime.name=Java(TM) SE Runtime Environment, sun.boot.library.path=D:\Java\JDK\bin, java.vm.version=25.191-b12, java.vm.vendor=Oracle Corporation, java.vendor.url=http://java.oracle.com/, path.separator=;, java.vm.name=Java HotSpot(TM) 64-Bit Server VM, file.encoding.pkg=sun.io, user.country=CN, user.script=, sun.java.launcher=SUN_STANDARD, sun.os.patch.level=, java.vm.specification.name=Java Virtual Machine Specification, user.dir=E:\CGB1906\CGB1906IIISTS\nbbook, java.runtime.version=1.8.0_191-b12, basedir=E:\CGB1906\CGB1906IIISTS\nbbook, java.awt.graphicsenv=sun.awt.Win32GraphicsEnvironment, java.endorsed.dirs=D:\Java\JDK\lib\endorsed, os.arch=amd64, surefire.real.class.path=E:\CGB1906\CGB1906IIISTS\nbbook\target\surefire\surefirebooter8873189043983314207.jar, java.io.tmpdir=C:\Users\10137\AppData\Local\Temp\, line.separator=
, java.vm.specification.vendor=Oracle Corporation, user.variant=, os.name=Windows 10, sun.jnu.encoding=GBK, java.library.path=D:\Java\JDK\bin;C:\WINDOWS\Sun\Java\bin;C:\WINDOWS\system32;C:\WINDOWS;D:/Java/JDK/bin/server;D:/Java/JDK/bin;D:/Java/JDK/lib/amd64;D:\Xshell6\;C:\Program Files (x86)\Common Files\Oracle\Java\javapath;C:\WINDOWS\system32;C:\WINDOWS;C:\WINDOWS\System32\Wbem;C:\WINDOWS\System32\WindowsPowerShell\v1.0\;C:\WINDOWS\System32\OpenSSH\;C:\Program Files\NVIDIA Corporation\NVIDIA NvDLISR;C:\Program Files (x86)\NVIDIA Corporation\PhysX\Common;C:\Program Files\MySQL\MySQL Server 5.5\bin;C:\Users\10137\AppData\Local\Microsoft\WindowsApps;C:\Program Files\Bandizip\;E:\java software\Microsoft VS Code\bin;E:\java software\sts-4.3.2.RELEASE;;., surefire.test.class.path=E:\CGB1906\CGB1906IIISTS\nbbook\target\test-classes;E:\CGB1906\CGB1906IIISTS\nbbook\target\classes;C:\Users\10137\maven\repository\org\springframework\boot\spring-boot-starter-web\1.5.17.RELEASE\spring-boot-starter-web-1.5.17.RELEASE.jar;C:\Users\10137\maven\repository\org\springframework\boot\spring-boot-starter\1.5.17.RELEASE\spring-boot-starter-1.5.17.RELEASE.jar;C:\Users\10137\maven\repository\org\springframework\boot\spring-boot-starter-logging\1.5.17.RELEASE\spring-boot-starter-logging-1.5.17.RELEASE.jar;C:\Users\10137\maven\repository\ch\qos\logback\logback-classic\1.1.11\logback-classic-1.1.11.jar;C:\Users\10137\maven\repository\ch\qos\logback\logback-core\1.1.11\logback-core-1.1.11.jar;C:\Users\10137\maven\repository\org\slf4j\jcl-over-slf4j\1.7.25\jcl-over-slf4j-1.7.25.jar;C:\Users\10137\maven\repository\org\slf4j\jul-to-slf4j\1.7.25\jul-to-slf4j-1.7.25.jar;C:\Users\10137\maven\repository\org\slf4j\log4j-over-slf4j\1.7.25\log4j-over-slf4j-1.7.25.jar;C:\Users\10137\maven\repository\org\yaml\snakeyaml\1.17\snakeyaml-1.17.jar;C:\Users\10137\maven\repository\org\hibernate\hibernate-validator\5.3.6.Final\hibernate-validator-5.3.6.Final.jar;C:\Users\10137\maven\repository\javax\validation\validation-api\1.1.0.Final\validation-api-1.1.0.Final.jar;C:\Users\10137\maven\repository\org\jboss\logging\jboss-logging\3.3.2.Final\jboss-logging-3.3.2.Final.jar;C:\Users\10137\maven\repository\com\fasterxml\jackson\core\jackson-databind\2.8.11.2\jackson-databind-2.8.11.2.jar;C:\Users\10137\maven\repository\com\fasterxml\jackson\core\jackson-annotations\2.8.0\jackson-annotations-2.8.0.jar;C:\Users\10137\maven\repository\com\fasterxml\jackson\core\jackson-core\2.8.11\jackson-core-2.8.11.jar;C:\Users\10137\maven\repository\org\springframework\spring-web\4.3.20.RELEASE\spring-web-4.3.20.RELEASE.jar;C:\Users\10137\maven\repository\org\springframework\spring-aop\4.3.20.RELEASE\spring-aop-4.3.20.RELEASE.jar;C:\Users\10137\maven\repository\org\springframework\spring-beans\4.3.20.RELEASE\spring-beans-4.3.20.RELEASE.jar;C:\Users\10137\maven\repository\org\springframework\spring-webmvc\4.3.20.RELEASE\spring-webmvc-4.3.20.RELEASE.jar;C:\Users\10137\maven\repository\org\springframework\spring-expression\4.3.20.RELEASE\spring-expression-4.3.20.RELEASE.jar;C:\Users\10137\maven\repository\org\springframework\boot\spring-boot-starter-test\1.5.17.RELEASE\spring-boot-starter-test-1.5.17.RELEASE.jar;C:\Users\10137\maven\repository\org\springframework\boot\spring-boot-test\1.5.17.RELEASE\spring-boot-test-1.5.17.RELEASE.jar;C:\Users\10137\maven\repository\org\springframework\boot\spring-boot-test-autoconfigure\1.5.17.RELEASE\spring-boot-test-autoconfigure-1.5.17.RELEASE.jar;C:\Users\10137\maven\repository\com\jayway\jsonpath\json-path\2.2.0\json-path-2.2.0.jar;C:\Users\10137\maven\repository\net\minidev\json-smart\2.2.1\json-smart-2.2.1.jar;C:\Users\10137\maven\repository\net\minidev\accessors-smart\1.1\accessors-smart-1.1.jar;C:\Users\10137\maven\repository\org\ow2\asm\asm\5.0.3\asm-5.0.3.jar;C:\Users\10137\maven\repository\junit\junit\4.12\junit-4.12.jar;C:\Users\10137\maven\repository\org\assertj\assertj-core\2.6.0\assertj-core-2.6.0.jar;C:\Users\10137\maven\repository\org\mockito\mockito-core\1.10.19\mockito-core-1.10.19.jar;C:\Users\10137\maven\repository\org\objenesis\objenesis\2.1\objenesis-2.1.jar;C:\Users\10137\maven\repository\org\hamcrest\hamcrest-core\1.3\hamcrest-core-1.3.jar;C:\Users\10137\maven\repository\org\hamcrest\hamcrest-library\1.3\hamcrest-library-1.3.jar;C:\Users\10137\maven\repository\org\skyscreamer\jsonassert\1.4.0\jsonassert-1.4.0.jar;C:\Users\10137\maven\repository\com\vaadin\external\google\android-json\0.0.20131108.vaadin1\android-json-0.0.20131108.vaadin1.jar;C:\Users\10137\maven\repository\org\springframework\spring-core\4.3.20.RELEASE\spring-core-4.3.20.RELEASE.jar;C:\Users\10137\maven\repository\org\springframework\spring-test\4.3.20.RELEASE\spring-test-4.3.20.RELEASE.jar;C:\Users\10137\maven\repository\org\springframework\boot\spring-boot-devtools\1.5.17.RELEASE\spring-boot-devtools-1.5.17.RELEASE.jar;C:\Users\10137\maven\repository\org\springframework\boot\spring-boot\1.5.17.RELEASE\spring-boot-1.5.17.RELEASE.jar;C:\Users\10137\maven\repository\org\springframework\boot\spring-boot-autoconfigure\1.5.17.RELEASE\spring-boot-autoconfigure-1.5.17.RELEASE.jar;C:\Users\10137\maven\repository\org\mybatis\spring\boot\mybatis-spring-boot-starter\1.3.3\mybatis-spring-boot-starter-1.3.3.jar;C:\Users\10137\maven\repository\org\springframework\boot\spring-boot-starter-jdbc\1.5.17.RELEASE\spring-boot-starter-jdbc-1.5.17.RELEASE.jar;C:\Users\10137\maven\repository\org\apache\tomcat\tomcat-jdbc\8.5.34\tomcat-jdbc-8.5.34.jar;C:\Users\10137\maven\repository\org\apache\tomcat\tomcat-juli\8.5.34\tomcat-juli-8.5.34.jar;C:\Users\10137\maven\repository\org\springframework\spring-jdbc\4.3.20.RELEASE\spring-jdbc-4.3.20.RELEASE.jar;C:\Users\10137\maven\repository\org\springframework\spring-tx\4.3.20.RELEASE\spring-tx-4.3.20.RELEASE.jar;C:\Users\10137\maven\repository\org\mybatis\spring\boot\mybatis-spring-boot-autoconfigure\1.3.3\mybatis-spring-boot-autoconfigure-1.3.3.jar;C:\Users\10137\maven\repository\org\mybatis\mybatis\3.4.6\mybatis-3.4.6.jar;C:\Users\10137\maven\repository\org\mybatis\mybatis-spring\1.3.2\mybatis-spring-1.3.2.jar;C:\Users\10137\maven\repository\org\springframework\boot\spring-boot-starter-mail\1.5.17.RELEASE\spring-boot-starter-mail-1.5.17.RELEASE.jar;C:\Users\10137\maven\repository\org\springframework\spring-context\4.3.20.RELEASE\spring-context-4.3.20.RELEASE.jar;C:\Users\10137\maven\repository\org\springframework\spring-context-support\4.3.20.RELEASE\spring-context-support-4.3.20.RELEASE.jar;C:\Users\10137\maven\repository\com\sun\mail\javax.mail\1.5.6\javax.mail-1.5.6.jar;C:\Users\10137\maven\repository\javax\activation\activation\1.1\activation-1.1.jar;C:\Users\10137\maven\repository\mysql\mysql-connector-java\5.1.47\mysql-connector-java-5.1.47.jar;C:\Users\10137\maven\repository\com\alibaba\druid\1.1.8\druid-1.1.8.jar;C:\Users\10137\maven\repository\com\alibaba\druid-spring-boot-starter\1.1.10\druid-spring-boot-starter-1.1.10.jar;C:\Users\10137\maven\repository\org\slf4j\slf4j-api\1.7.25\slf4j-api-1.7.25.jar;C:\Users\10137\maven\repository\org\projectlombok\lombok\1.16.10\lombok-1.16.10.jar;C:\Users\10137\maven\repository\com\google\guava\guava\20.0\guava-20.0.jar;C:\Users\10137\maven\repository\org\apache\commons\commons-lang3\3.8.1\commons-lang3-3.8.1.jar;C:\Users\10137\maven\repository\org\apache\shiro\shiro-core\1.4.0\shiro-core-1.4.0.jar;C:\Users\10137\maven\repository\org\apache\shiro\shiro-lang\1.4.0\shiro-lang-1.4.0.jar;C:\Users\10137\maven\repository\org\apache\shiro\shiro-cache\1.4.0\shiro-cache-1.4.0.jar;C:\Users\10137\maven\repository\org\apache\shiro\shiro-crypto-hash\1.4.0\shiro-crypto-hash-1.4.0.jar;C:\Users\10137\maven\repository\org\apache\shiro\shiro-crypto-core\1.4.0\shiro-crypto-core-1.4.0.jar;C:\Users\10137\maven\repository\org\apache\shiro\shiro-crypto-cipher\1.4.0\shiro-crypto-cipher-1.4.0.jar;C:\Users\10137\maven\repository\org\apache\shiro\shiro-config-core\1.4.0\shiro-config-core-1.4.0.jar;C:\Users\10137\maven\repository\org\apache\shiro\shiro-config-ogdl\1.4.0\shiro-config-ogdl-1.4.0.jar;C:\Users\10137\maven\repository\commons-beanutils\commons-beanutils\1.9.3\commons-beanutils-1.9.3.jar;C:\Users\10137\maven\repository\commons-collections\commons-collections\3.2.2\commons-collections-3.2.2.jar;C:\Users\10137\maven\repository\org\apache\shiro\shiro-event\1.4.0\shiro-event-1.4.0.jar;C:\Users\10137\maven\repository\org\springframework\boot\spring-boot-starter-tomcat\1.5.17.RELEASE\spring-boot-starter-tomcat-1.5.17.RELEASE.jar;C:\Users\10137\maven\repository\org\apache\tomcat\embed\tomcat-embed-core\8.5.34\tomcat-embed-core-8.5.34.jar;C:\Users\10137\maven\repository\org\apache\tomcat\tomcat-annotations-api\8.5.34\tomcat-annotations-api-8.5.34.jar;C:\Users\10137\maven\repository\org\apache\tomcat\embed\tomcat-embed-el\8.5.34\tomcat-embed-el-8.5.34.jar;C:\Users\10137\maven\repository\org\apache\tomcat\embed\tomcat-embed-websocket\8.5.34\tomcat-embed-websocket-8.5.34.jar;C:\Users\10137\maven\repository\org\apache\tomcat\embed\tomcat-embed-jasper\8.5.34\tomcat-embed-jasper-8.5.34.jar;C:\Users\10137\maven\repository\org\eclipse\jdt\ecj\3.12.3\ecj-3.12.3.jar;C:\Users\10137\maven\repository\javax\servlet\javax.servlet-api\3.1.0\javax.servlet-api-3.1.0.jar;C:\Users\10137\maven\repository\javax\servlet\jstl\1.2\jstl-1.2.jar;C:\Users\10137\maven\repository\com\auth0\java-jwt\3.4.0\java-jwt-3.4.0.jar;C:\Users\10137\maven\repository\commons-codec\commons-codec\1.10\commons-codec-1.10.jar;C:\Users\10137\maven\repository\io\springfox\springfox-swagger2\2.9.2\springfox-swagger2-2.9.2.jar;C:\Users\10137\maven\repository\io\swagger\swagger-annotations\1.5.20\swagger-annotations-1.5.20.jar;C:\Users\10137\maven\repository\io\swagger\swagger-models\1.5.20\swagger-models-1.5.20.jar;C:\Users\10137\maven\repository\io\springfox\springfox-spi\2.9.2\springfox-spi-2.9.2.jar;C:\Users\10137\maven\repository\io\springfox\springfox-core\2.9.2\springfox-core-2.9.2.jar;C:\Users\10137\maven\repository\net\bytebuddy\byte-buddy\1.8.12\byte-buddy-1.8.12.jar;C:\Users\10137\maven\repository\io\springfox\springfox-schema\2.9.2\springfox-schema-2.9.2.jar;C:\Users\10137\maven\repository\io\springfox\springfox-swagger-common\2.9.2\springfox-swagger-common-2.9.2.jar;C:\Users\10137\maven\repository\io\springfox\springfox-spring-web\2.9.2\springfox-spring-web-2.9.2.jar;C:\Users\10137\maven\repository\com\fasterxml\classmate\1.3.4\classmate-1.3.4.jar;C:\Users\10137\maven\repository\org\springframework\plugin\spring-plugin-core\1.2.0.RELEASE\spring-plugin-core-1.2.0.RELEASE.jar;C:\Users\10137\maven\repository\org\springframework\plugin\spring-plugin-metadata\1.2.0.RELEASE\spring-plugin-metadata-1.2.0.RELEASE.jar;C:\Users\10137\maven\repository\org\mapstruct\mapstruct\1.2.0.Final\mapstruct-1.2.0.Final.jar;C:\Users\10137\maven\repository\io\springfox\springfox-swagger-ui\2.9.2\springfox-swagger-ui-2.9.2.jar;C:\Users\10137\maven\repository\com\google\code\gson\gson\2.8.5\gson-2.8.5.jar;C:\Users\10137\maven\repository\org\apache\httpcomponents\httpclient\4.5.6\httpclient-4.5.6.jar;C:\Users\10137\maven\repository\org\apache\httpcomponents\httpcore\4.4.10\httpcore-4.4.10.jar;C:\Users\10137\maven\repository\commons-io\commons-io\2.5\commons-io-2.5.jar;, java.specification.name=Java Platform API Specification, java.class.version=52.0, sun.management.compiler=HotSpot 64-Bit Tiered Compilers, os.version=10.0, user.home=C:\Users\10137, user.timezone=Asia/Shanghai, java.awt.printerjob=sun.awt.windows.WPrinterJob, file.encoding=GBK, java.specification.version=1.8, java.class.path=E:\CGB1906\CGB1906IIISTS\nbbook\target\test-classes;E:\CGB1906\CGB1906IIISTS\nbbook\target\classes;C:\Users\10137\maven\repository\org\springframework\boot\spring-boot-starter-web\1.5.17.RELEASE\spring-boot-starter-web-1.5.17.RELEASE.jar;C:\Users\10137\maven\repository\org\springframework\boot\spring-boot-starter\1.5.17.RELEASE\spring-boot-starter-1.5.17.RELEASE.jar;C:\Users\10137\maven\repository\org\springframework\boot\spring-boot-starter-logging\1.5.17.RELEASE\spring-boot-starter-logging-1.5.17.RELEASE.jar;C:\Users\10137\maven\repository\ch\qos\logback\logback-classic\1.1.11\logback-classic-1.1.11.jar;C:\Users\10137\maven\repository\ch\qos\logback\logback-core\1.1.11\logback-core-1.1.11.jar;C:\Users\10137\maven\repository\org\slf4j\jcl-over-slf4j\1.7.25\jcl-over-slf4j-1.7.25.jar;C:\Users\10137\maven\repository\org\slf4j\jul-to-slf4j\1.7.25\jul-to-slf4j-1.7.25.jar;C:\Users\10137\maven\repository\org\slf4j\log4j-over-slf4j\1.7.25\log4j-over-slf4j-1.7.25.jar;C:\Users\10137\maven\repository\org\yaml\snakeyaml\1.17\snakeyaml-1.17.jar;C:\Users\10137\maven\repository\org\hibernate\hibernate-validator\5.3.6.Final\hibernate-validator-5.3.6.Final.jar;C:\Users\10137\maven\repository\javax\validation\validation-api\1.1.0.Final\validation-api-1.1.0.Final.jar;C:\Users\10137\maven\repository\org\jboss\logging\jboss-logging\3.3.2.Final\jboss-logging-3.3.2.Final.jar;C:\Users\10137\maven\repository\com\fasterxml\jackson\core\jackson-databind\2.8.11.2\jackson-databind-2.8.11.2.jar;C:\Users\10137\maven\repository\com\fasterxml\jackson\core\jackson-annotations\2.8.0\jackson-annotations-2.8.0.jar;C:\Users\10137\maven\repository\com\fasterxml\jackson\core\jackson-core\2.8.11\jackson-core-2.8.11.jar;C:\Users\10137\maven\repository\org\springframework\spring-web\4.3.20.RELEASE\spring-web-4.3.20.RELEASE.jar;C:\Users\10137\maven\repository\org\springframework\spring-aop\4.3.20.RELEASE\spring-aop-4.3.20.RELEASE.jar;C:\Users\10137\maven\repository\org\springframework\spring-beans\4.3.20.RELEASE\spring-beans-4.3.20.RELEASE.jar;C:\Users\10137\maven\repository\org\springframework\spring-webmvc\4.3.20.RELEASE\spring-webmvc-4.3.20.RELEASE.jar;C:\Users\10137\maven\repository\org\springframework\spring-expression\4.3.20.RELEASE\spring-expression-4.3.20.RELEASE.jar;C:\Users\10137\maven\repository\org\springframework\boot\spring-boot-starter-test\1.5.17.RELEASE\spring-boot-starter-test-1.5.17.RELEASE.jar;C:\Users\10137\maven\repository\org\springframework\boot\spring-boot-test\1.5.17.RELEASE\spring-boot-test-1.5.17.RELEASE.jar;C:\Users\10137\maven\repository\org\springframework\boot\spring-boot-test-autoconfigure\1.5.17.RELEASE\spring-boot-test-autoconfigure-1.5.17.RELEASE.jar;C:\Users\10137\maven\repository\com\jayway\jsonpath\json-path\2.2.0\json-path-2.2.0.jar;C:\Users\10137\maven\repository\net\minidev\json-smart\2.2.1\json-smart-2.2.1.jar;C:\Users\10137\maven\repository\net\minidev\accessors-smart\1.1\accessors-smart-1.1.jar;C:\Users\10137\maven\repository\org\ow2\asm\asm\5.0.3\asm-5.0.3.jar;C:\Users\10137\maven\repository\junit\junit\4.12\junit-4.12.jar;C:\Users\10137\maven\repository\org\assertj\assertj-core\2.6.0\assertj-core-2.6.0.jar;C:\Users\10137\maven\repository\org\mockito\mockito-core\1.10.19\mockito-core-1.10.19.jar;C:\Users\10137\maven\repository\org\objenesis\objenesis\2.1\objenesis-2.1.jar;C:\Users\10137\maven\repository\org\hamcrest\hamcrest-core\1.3\hamcrest-core-1.3.jar;C:\Users\10137\maven\repository\org\hamcrest\hamcrest-library\1.3\hamcrest-library-1.3.jar;C:\Users\10137\maven\repository\org\skyscreamer\jsonassert\1.4.0\jsonassert-1.4.0.jar;C:\Users\10137\maven\repository\com\vaadin\external\google\android-json\0.0.20131108.vaadin1\android-json-0.0.20131108.vaadin1.jar;C:\Users\10137\maven\repository\org\springframework\spring-core\4.3.20.RELEASE\spring-core-4.3.20.RELEASE.jar;C:\Users\10137\maven\repository\org\springframework\spring-test\4.3.20.RELEASE\spring-test-4.3.20.RELEASE.jar;C:\Users\10137\maven\repository\org\springframework\boot\spring-boot-devtools\1.5.17.RELEASE\spring-boot-devtools-1.5.17.RELEASE.jar;C:\Users\10137\maven\repository\org\springframework\boot\spring-boot\1.5.17.RELEASE\spring-boot-1.5.17.RELEASE.jar;C:\Users\10137\maven\repository\org\springframework\boot\spring-boot-autoconfigure\1.5.17.RELEASE\spring-boot-autoconfigure-1.5.17.RELEASE.jar;C:\Users\10137\maven\repository\org\mybatis\spring\boot\mybatis-spring-boot-starter\1.3.3\mybatis-spring-boot-starter-1.3.3.jar;C:\Users\10137\maven\repository\org\springframework\boot\spring-boot-starter-jdbc\1.5.17.RELEASE\spring-boot-starter-jdbc-1.5.17.RELEASE.jar;C:\Users\10137\maven\repository\org\apache\tomcat\tomcat-jdbc\8.5.34\tomcat-jdbc-8.5.34.jar;C:\Users\10137\maven\repository\org\apache\tomcat\tomcat-juli\8.5.34\tomcat-juli-8.5.34.jar;C:\Users\10137\maven\repository\org\springframework\spring-jdbc\4.3.20.RELEASE\spring-jdbc-4.3.20.RELEASE.jar;C:\Users\10137\maven\repository\org\springframework\spring-tx\4.3.20.RELEASE\spring-tx-4.3.20.RELEASE.jar;C:\Users\10137\maven\repository\org\mybatis\spring\boot\mybatis-spring-boot-autoconfigure\1.3.3\mybatis-spring-boot-autoconfigure-1.3.3.jar;C:\Users\10137\maven\repository\org\mybatis\mybatis\3.4.6\mybatis-3.4.6.jar;C:\Users\10137\maven\repository\org\mybatis\mybatis-spring\1.3.2\mybatis-spring-1.3.2.jar;C:\Users\10137\maven\repository\org\springframework\boot\spring-boot-starter-mail\1.5.17.RELEASE\spring-boot-starter-mail-1.5.17.RELEASE.jar;C:\Users\10137\maven\repository\org\springframework\spring-context\4.3.20.RELEASE\spring-context-4.3.20.RELEASE.jar;C:\Users\10137\maven\repository\org\springframework\spring-context-support\4.3.20.RELEASE\spring-context-support-4.3.20.RELEASE.jar;C:\Users\10137\maven\repository\com\sun\mail\javax.mail\1.5.6\javax.mail-1.5.6.jar;C:\Users\10137\maven\repository\javax\activation\activation\1.1\activation-1.1.jar;C:\Users\10137\maven\repository\mysql\mysql-connector-java\5.1.47\mysql-connector-java-5.1.47.jar;C:\Users\10137\maven\repository\com\alibaba\druid\1.1.8\druid-1.1.8.jar;C:\Users\10137\maven\repository\com\alibaba\druid-spring-boot-starter\1.1.10\druid-spring-boot-starter-1.1.10.jar;C:\Users\10137\maven\repository\org\slf4j\slf4j-api\1.7.25\slf4j-api-1.7.25.jar;C:\Users\10137\maven\repository\org\projectlombok\lombok\1.16.10\lombok-1.16.10.jar;C:\Users\10137\maven\repository\com\google\guava\guava\20.0\guava-20.0.jar;C:\Users\10137\maven\repository\org\apache\commons\commons-lang3\3.8.1\commons-lang3-3.8.1.jar;C:\Users\10137\maven\repository\org\apache\shiro\shiro-core\1.4.0\shiro-core-1.4.0.jar;C:\Users\10137\maven\repository\org\apache\shiro\shiro-lang\1.4.0\shiro-lang-1.4.0.jar;C:\Users\10137\maven\repository\org\apache\shiro\shiro-cache\1.4.0\shiro-cache-1.4.0.jar;C:\Users\10137\maven\repository\org\apache\shiro\shiro-crypto-hash\1.4.0\shiro-crypto-hash-1.4.0.jar;C:\Users\10137\maven\repository\org\apache\shiro\shiro-crypto-core\1.4.0\shiro-crypto-core-1.4.0.jar;C:\Users\10137\maven\repository\org\apache\shiro\shiro-crypto-cipher\1.4.0\shiro-crypto-cipher-1.4.0.jar;C:\Users\10137\maven\repository\org\apache\shiro\shiro-config-core\1.4.0\shiro-config-core-1.4.0.jar;C:\Users\10137\maven\repository\org\apache\shiro\shiro-config-ogdl\1.4.0\shiro-config-ogdl-1.4.0.jar;C:\Users\10137\maven\repository\commons-beanutils\commons-beanutils\1.9.3\commons-beanutils-1.9.3.jar;C:\Users\10137\maven\repository\commons-collections\commons-collections\3.2.2\commons-collections-3.2.2.jar;C:\Users\10137\maven\repository\org\apache\shiro\shiro-event\1.4.0\shiro-event-1.4.0.jar;C:\Users\10137\maven\repository\org\springframework\boot\spring-boot-starter-tomcat\1.5.17.RELEASE\spring-boot-starter-tomcat-1.5.17.RELEASE.jar;C:\Users\10137\maven\repository\org\apache\tomcat\embed\tomcat-embed-core\8.5.34\tomcat-embed-core-8.5.34.jar;C:\Users\10137\maven\repository\org\apache\tomcat\tomcat-annotations-api\8.5.34\tomcat-annotations-api-8.5.34.jar;C:\Users\10137\maven\repository\org\apache\tomcat\embed\tomcat-embed-el\8.5.34\tomcat-embed-el-8.5.34.jar;C:\Users\10137\maven\repository\org\apache\tomcat\embed\tomcat-embed-websocket\8.5.34\tomcat-embed-websocket-8.5.34.jar;C:\Users\10137\maven\repository\org\apache\tomcat\embed\tomcat-embed-jasper\8.5.34\tomcat-embed-jasper-8.5.34.jar;C:\Users\10137\maven\repository\org\eclipse\jdt\ecj\3.12.3\ecj-3.12.3.jar;C:\Users\10137\maven\repository\javax\servlet\javax.servlet-api\3.1.0\javax.servlet-api-3.1.0.jar;C:\Users\10137\maven\repository\javax\servlet\jstl\1.2\jstl-1.2.jar;C:\Users\10137\maven\repository\com\auth0\java-jwt\3.4.0\java-jwt-3.4.0.jar;C:\Users\10137\maven\repository\commons-codec\commons-codec\1.10\commons-codec-1.10.jar;C:\Users\10137\maven\repository\io\springfox\springfox-swagger2\2.9.2\springfox-swagger2-2.9.2.jar;C:\Users\10137\maven\repository\io\swagger\swagger-annotations\1.5.20\swagger-annotations-1.5.20.jar;C:\Users\10137\maven\repository\io\swagger\swagger-models\1.5.20\swagger-models-1.5.20.jar;C:\Users\10137\maven\repository\io\springfox\springfox-spi\2.9.2\springfox-spi-2.9.2.jar;C:\Users\10137\maven\repository\io\springfox\springfox-core\2.9.2\springfox-core-2.9.2.jar;C:\Users\10137\maven\repository\net\bytebuddy\byte-buddy\1.8.12\byte-buddy-1.8.12.jar;C:\Users\10137\maven\repository\io\springfox\springfox-schema\2.9.2\springfox-schema-2.9.2.jar;C:\Users\10137\maven\repository\io\springfox\springfox-swagger-common\2.9.2\springfox-swagger-common-2.9.2.jar;C:\Users\10137\maven\repository\io\springfox\springfox-spring-web\2.9.2\springfox-spring-web-2.9.2.jar;C:\Users\10137\maven\repository\com\fasterxml\classmate\1.3.4\classmate-1.3.4.jar;C:\Users\10137\maven\repository\org\springframework\plugin\spring-plugin-core\1.2.0.RELEASE\spring-plugin-core-1.2.0.RELEASE.jar;C:\Users\10137\maven\repository\org\springframework\plugin\spring-plugin-metadata\1.2.0.RELEASE\spring-plugin-metadata-1.2.0.RELEASE.jar;C:\Users\10137\maven\repository\org\mapstruct\mapstruct\1.2.0.Final\mapstruct-1.2.0.Final.jar;C:\Users\10137\maven\repository\io\springfox\springfox-swagger-ui\2.9.2\springfox-swagger-ui-2.9.2.jar;C:\Users\10137\maven\repository\com\google\code\gson\gson\2.8.5\gson-2.8.5.jar;C:\Users\10137\maven\repository\org\apache\httpcomponents\httpclient\4.5.6\httpclient-4.5.6.jar;C:\Users\10137\maven\repository\org\apache\httpcomponents\httpcore\4.4.10\httpcore-4.4.10.jar;C:\Users\10137\maven\repository\commons-io\commons-io\2.5\commons-io-2.5.jar;, user.name=10137, java.vm.specification.version=1.8, sun.java.command=E:\CGB1906\CGB1906IIISTS\nbbook\target\surefire\surefirebooter8873189043983314207.jar E:\CGB1906\CGB1906IIISTS\nbbook\target\surefire\surefire2112648902300499330tmp E:\CGB1906\CGB1906IIISTS\nbbook\target\surefire\surefire_0111073435765600893tmp, java.home=D:\Java\JDK, sun.arch.data.model=64, user.language=zh, java.specification.vendor=Oracle Corporation, awt.toolkit=sun.awt.windows.WToolkit, java.vm.info=mixed mode, java.version=1.8.0_191, java.ext.dirs=D:\Java\JDK\lib\ext;C:\WINDOWS\Sun\Java\lib\ext, sun.boot.class.path=D:\Java\JDK\lib\resources.jar;D:\Java\JDK\lib\rt.jar;D:\Java\JDK\lib\sunrsasign.jar;D:\Java\JDK\lib\jsse.jar;D:\Java\JDK\lib\jce.jar;D:\Java\JDK\lib\charsets.jar;D:\Java\JDK\lib\jfr.jar;D:\Java\JDK\classes, java.vendor=Oracle Corporation, localRepository=C:\Users\10137\maven\repository, style.color=always, file.separator=\, java.vendor.url.bug=http://bugreport.sun.com/bugreport/, sun.io.unicode.encoding=UnicodeLittle, sun.cpu.endian=little, sun.desktop=windows, sun.cpu.isalist=amd64}}, SystemEnvironmentPropertySource@532854629 {name='systemEnvironment', properties={PATH=D:/Java/JDK/bin/server;D:/Java/JDK/bin;D:/Java/JDK/lib/amd64;D:\Xshell6\;C:\Program Files (x86)\Common Files\Oracle\Java\javapath;C:\WINDOWS\system32;C:\WINDOWS;C:\WINDOWS\System32\Wbem;C:\WINDOWS\System32\WindowsPowerShell\v1.0\;C:\WINDOWS\System32\OpenSSH\;C:\Program Files\NVIDIA Corporation\NVIDIA NvDLISR;C:\Program Files (x86)\NVIDIA Corporation\PhysX\Common;C:\Program Files\MySQL\MySQL Server 5.5\bin;C:\Users\10137\AppData\Local\Microsoft\WindowsApps;C:\Program Files\Bandizip\;E:\java software\Microsoft VS Code\bin;E:\java software\sts-4.3.2.RELEASE;, USERDOMAIN_ROAMINGPROFILE=WZJ, LOCALAPPDATA=C:\Users\10137\AppData\Local, PROCESSOR_LEVEL=6, SYSTEMDRIVE=C:, COMMONPROGRAMFILES(X86)=C:\Program Files (x86)\Common Files, USERDOMAIN=WZJ, FPS_BROWSER_APP_PROFILE_STRING=Internet Explorer, LOGONSERVER=\\WZJ, JAVA_HOME=D:\Java\JDK, PROMPT=$P$G, SESSIONNAME=Console, ALLUSERSPROFILE=C:\ProgramData, PROGRAMFILES(X86)=C:\Program Files (x86), PROCESSOR_ARCHITECTURE=AMD64, DRIVERDATA=C:\Windows\System32\Drivers\DriverData, =E:=E:\CGB1906\CGB1906IIISTS\nbbook, PROGRAMFILES=C:\Program Files, =C:=C:\, APPDATA=C:\Users\10137\AppData\Roaming, PSMODULEPATH=C:\Program Files\WindowsPowerShell\Modules;C:\WINDOWS\system32\WindowsPowerShell\v1.0\Modules, PROGRAMW6432=C:\Program Files, PROGRAMDATA=C:\ProgramData, SYSTEMROOT=C:\WINDOWS, USERNAME=10137, FPS_BROWSER_USER_PROFILE_STRING=Default, ONEDRIVE=C:\Users\10137\OneDrive, PATHEXT=.COM;.EXE;.BAT;.CMD;.VBS;.VBE;.JS;.JSE;.WSF;.WSH;.MSC, OS=Windows_NT, COMMONPROGRAMW6432=C:\Program Files\Common Files, COMPUTERNAME=WZJ, COMMONPROGRAMFILES=C:\Program Files\Common Files, COMSPEC=C:\WINDOWS\system32\cmd.exe, PROCESSOR_REVISION=9e09, WINDIR=C:\WINDOWS, =D:=D:\, HOMEPATH=\Users\10137, TEMP=C:\Users\10137\AppData\Local\Temp, HOMEDRIVE=C:, PROCESSOR_IDENTIFIER=Intel64 Family 6 Model 158 Stepping 9, GenuineIntel, USERPROFILE=C:\Users\10137, TMP=C:\Users\10137\AppData\Local\Temp, PUBLIC=C:\Users\Public, NUMBER_OF_PROCESSORS=8, =::=::\}}]
15:41:45.545 [main] DEBUG org.springframework.core.io.support.PathMatchingResourcePatternResolver - Resolved classpath location [io/hailiang/web/book/] to resources [URL [file:/E:/CGB1906/CGB1906IIISTS/nbbook/target/test-classes/io/hailiang/web/book/]]
15:41:45.545 [main] DEBUG org.springframework.core.io.support.PathMatchingResourcePatternResolver - Looking for matching resources in directory tree [E:\CGB1906\CGB1906IIISTS\nbbook\target\test-classes\io\hailiang\web\book]
15:41:45.545 [main] DEBUG org.springframework.core.io.support.PathMatchingResourcePatternResolver - Searching directory [E:\CGB1906\CGB1906IIISTS\nbbook\target\test-classes\io\hailiang\web\book] for files matching pattern [E:/CGB1906/CGB1906IIISTS/nbbook/target/test-classes/io/hailiang/web/book/*.class]
15:41:45.546 [main] DEBUG org.springframework.core.io.support.PathMatchingResourcePatternResolver - Resolved location pattern [classpath*:io/hailiang/web/book/*.class] to resources [file [E:\CGB1906\CGB1906IIISTS\nbbook\target\test-classes\io\hailiang\web\book\BookApplicationTests.class]]
15:41:45.548 [main] DEBUG org.springframework.core.io.support.PathMatchingResourcePatternResolver - Resolved classpath location [io/hailiang/web/] to resources [URL [file:/E:/CGB1906/CGB1906IIISTS/nbbook/target/test-classes/io/hailiang/web/]]
15:41:45.549 [main] DEBUG org.springframework.core.io.support.PathMatchingResourcePatternResolver - Looking for matching resources in directory tree [E:\CGB1906\CGB1906IIISTS\nbbook\target\test-classes\io\hailiang\web]
15:41:45.549 [main] DEBUG org.springframework.core.io.support.PathMatchingResourcePatternResolver - Searching directory [E:\CGB1906\CGB1906IIISTS\nbbook\target\test-classes\io\hailiang\web] for files matching pattern [E:/CGB1906/CGB1906IIISTS/nbbook/target/test-classes/io/hailiang/web/*.class]
15:41:45.549 [main] DEBUG org.springframework.core.io.support.PathMatchingResourcePatternResolver - Resolved location pattern [classpath*:io/hailiang/web/*.class] to resources []
15:41:45.550 [main] DEBUG org.springframework.core.io.support.PathMatchingResourcePatternResolver - Resolved classpath location [io/hailiang/] to resources [URL [file:/E:/CGB1906/CGB1906IIISTS/nbbook/target/test-classes/io/hailiang/]]
15:41:45.550 [main] DEBUG org.springframework.core.io.support.PathMatchingResourcePatternResolver - Looking for matching resources in directory tree [E:\CGB1906\CGB1906IIISTS\nbbook\target\test-classes\io\hailiang]
15:41:45.550 [main] DEBUG org.springframework.core.io.support.PathMatchingResourcePatternResolver - Searching directory [E:\CGB1906\CGB1906IIISTS\nbbook\target\test-classes\io\hailiang] for files matching pattern [E:/CGB1906/CGB1906IIISTS/nbbook/target/test-classes/io/hailiang/*.class]
15:41:45.551 [main] DEBUG org.springframework.core.io.support.PathMatchingResourcePatternResolver - Resolved location pattern [classpath*:io/hailiang/*.class] to resources []
15:41:45.551 [main] DEBUG org.springframework.core.io.support.PathMatchingResourcePatternResolver - Resolved classpath location [io/] to resources [URL [file:/E:/CGB1906/CGB1906IIISTS/nbbook/target/test-classes/io/], URL [jar:file:/C:/Users/10137/maven/repository/io/swagger/swagger-annotations/1.5.20/swagger-annotations-1.5.20.jar!/io/], URL [jar:file:/C:/Users/10137/maven/repository/io/swagger/swagger-models/1.5.20/swagger-models-1.5.20.jar!/io/]]
15:41:45.552 [main] DEBUG org.springframework.core.io.support.PathMatchingResourcePatternResolver - Looking for matching resources in directory tree [E:\CGB1906\CGB1906IIISTS\nbbook\target\test-classes\io]
15:41:45.552 [main] DEBUG org.springframework.core.io.support.PathMatchingResourcePatternResolver - Searching directory [E:\CGB1906\CGB1906IIISTS\nbbook\target\test-classes\io] for files matching pattern [E:/CGB1906/CGB1906IIISTS/nbbook/target/test-classes/io/*.class]
15:41:45.552 [main] DEBUG org.springframework.core.io.support.PathMatchingResourcePatternResolver - Looking for matching resources in jar file [file:/C:/Users/10137/maven/repository/io/swagger/swagger-annotations/1.5.20/swagger-annotations-1.5.20.jar]
15:41:45.553 [main] DEBUG org.springframework.core.io.support.PathMatchingResourcePatternResolver - Looking for matching resources in jar file [file:/C:/Users/10137/maven/repository/io/swagger/swagger-models/1.5.20/swagger-models-1.5.20.jar]
15:41:45.555 [main] DEBUG org.springframework.core.io.support.PathMatchingResourcePatternResolver - Resolved location pattern [classpath*:io/*.class] to resources []
]]></system-out>
  </testcase>
</testsuite>